<?xml version="1.0" encoding="UTF-8"?>
<!-- Generated by org.testng.reporters.JUnitReportReporter -->
<testsuite skipped="0" hostname="DESKTOP-P3VEP42" name="com.training.sanity.tests.uniformMedium" tests="2" failures="0" timestamp="11 Jul 2019 12:13:16 GMT" time="8.524" errors="0">
  <testcase name="validLoginTest" time="2.159" classname="com.training.sanity.tests.uniformMedium"/>
  <testcase name="ProductsClick" time="6.365" classname="com.training.sanity.tests.uniformMedium"/>
</testsuite> <!-- com.training.sanity.tests.uniformMedium -->
