<?xml version="1.0" encoding="UTF-8"?>
<!-- Generated by org.testng.reporters.JUnitReportReporter -->
<testsuite skipped="0" hostname="DESKTOP-P3VEP42" name="com.training.sanity.tests.UniformLoginCheck" tests="3" failures="0" timestamp="11 Jul 2019 12:12:11 GMT" time="10.525" errors="0">
  <testcase name="validLoginTest" time="7.477" classname="com.training.sanity.tests.UniformLoginCheck"/>
  <testcase name="categoryClick" time="1.892" classname="com.training.sanity.tests.UniformLoginCheck"/>
  <testcase name="deleteitem" time="1.156" classname="com.training.sanity.tests.UniformLoginCheck"/>
</testsuite> <!-- com.training.sanity.tests.UniformLoginCheck -->
