<?xml version="1.0" encoding="UTF-8"?>
<!-- Generated by org.testng.reporters.JUnitReportReporter -->
<testsuite skipped="0" hostname="DESKTOP-P3VEP42" name="com.training.sanity.tests.UniformMedium2" tests="2" failures="0" timestamp="11 Jul 2019 12:19:33 GMT" time="7.626" errors="0">
  <testcase name="validLoginTest" time="2.164" classname="com.training.sanity.tests.UniformMedium2"/>
  <testcase name="ProductsClick" time="5.462" classname="com.training.sanity.tests.UniformMedium2"/>
</testsuite> <!-- com.training.sanity.tests.UniformMedium2 -->
