<?xml version="1.0" encoding="UTF-8"?>
<!-- Generated by org.testng.reporters.JUnitReportReporter -->
<testsuite skipped="0" hostname="DESKTOP-P3VEP42" name="com.training.sanity.tests.UniformLoginCheck" tests="3" failures="0" timestamp="05 Jul 2019 07:56:29 GMT" time="5.309" errors="0">
  <testcase name="validLoginTest" time="2.102" classname="com.training.sanity.tests.UniformLoginCheck"/>
  <testcase name="categoryClick" time="2.018" classname="com.training.sanity.tests.UniformLoginCheck"/>
  <testcase name="deleteitem" time="1.189" classname="com.training.sanity.tests.UniformLoginCheck"/>
</testsuite> <!-- com.training.sanity.tests.UniformLoginCheck -->
