<?xml version="1.0" encoding="UTF-8"?>
<!-- Generated by org.testng.reporters.JUnitReportReporter -->
<testsuite skipped="0" hostname="DESKTOP-P3VEP42" name="com.training.sanity.tests.UniformMedium3" tests="2" failures="0" timestamp="11 Jul 2019 12:16:25 GMT" time="6.171" errors="0">
  <testcase name="validLoginTest" time="2.188" classname="com.training.sanity.tests.UniformMedium3"/>
  <testcase name="ProductsClick" time="3.983" classname="com.training.sanity.tests.UniformMedium3"/>
</testsuite> <!-- com.training.sanity.tests.UniformMedium3 -->
